<?xml version="1.0" encoding="UTF-8"?>
<testsuite xmlns:xsi="http://www.w3.org/2001/XMLSchema-instance" xsi:noNamespaceSchemaLocation="https://maven.apache.org/surefire/maven-surefire-plugin/xsd/surefire-test-report.xsd" name="com.howtodoinjava.demo.AppTest" time="0.157" tests="1" errors="0" skipped="0" failures="0">
  <properties>
    <property name="sun.desktop" value="windows"/>
    <property name="awt.toolkit" value="sun.awt.windows.WToolkit"/>
    <property name="file.encoding.pkg" value="sun.io"/>
    <property name="java.specification.version" value="1.8"/>
    <property name="sun.cpu.isalist" value="amd64"/>
    <property name="sun.jnu.encoding" value="Cp1252"/>
    <property name="java.class.path" value="D:\Shared\MyFiles\BIT\Spring5\examples\spring-webflux-demo\target\test-classes;D:\Shared\MyFiles\BIT\Spring5\examples\spring-webflux-demo\target\classes;D:\Shared\MyFiles\Netmind\MI1456-ApacheServiceMix\apache-servicemix-7.0.1\mine-repo\org\springframework\boot\spring-boot-starter-webflux\2.1.1.RELEASE\spring-boot-starter-webflux-2.1.1.RELEASE.jar;D:\Shared\MyFiles\Netmind\MI1456-ApacheServiceMix\apache-servicemix-7.0.1\mine-repo\org\springframework\boot\spring-boot-starter\2.1.1.RELEASE\spring-boot-starter-2.1.1.RELEASE.jar;D:\Shared\MyFiles\Netmind\MI1456-ApacheServiceMix\apache-servicemix-7.0.1\mine-repo\org\springframework\boot\spring-boot\2.1.1.RELEASE\spring-boot-2.1.1.RELEASE.jar;D:\Shared\MyFiles\Netmind\MI1456-ApacheServiceMix\apache-servicemix-7.0.1\mine-repo\org\springframework\boot\spring-boot-autoconfigure\2.1.1.RELEASE\spring-boot-autoconfigure-2.1.1.RELEASE.jar;D:\Shared\MyFiles\Netmind\MI1456-ApacheServiceMix\apache-servicemix-7.0.1\mine-repo\org\springframework\boot\spring-boot-starter-logging\2.1.1.RELEASE\spring-boot-starter-logging-2.1.1.RELEASE.jar;D:\Shared\MyFiles\Netmind\MI1456-ApacheServiceMix\apache-servicemix-7.0.1\mine-repo\ch\qos\logback\logback-classic\1.2.3\logback-classic-1.2.3.jar;D:\Shared\MyFiles\Netmind\MI1456-ApacheServiceMix\apache-servicemix-7.0.1\mine-repo\ch\qos\logback\logback-core\1.2.3\logback-core-1.2.3.jar;D:\Shared\MyFiles\Netmind\MI1456-ApacheServiceMix\apache-servicemix-7.0.1\mine-repo\org\apache\logging\log4j\log4j-to-slf4j\2.11.1\log4j-to-slf4j-2.11.1.jar;D:\Shared\MyFiles\Netmind\MI1456-ApacheServiceMix\apache-servicemix-7.0.1\mine-repo\org\apache\logging\log4j\log4j-api\2.11.1\log4j-api-2.11.1.jar;D:\Shared\MyFiles\Netmind\MI1456-ApacheServiceMix\apache-servicemix-7.0.1\mine-repo\org\slf4j\jul-to-slf4j\1.7.25\jul-to-slf4j-1.7.25.jar;D:\Shared\MyFiles\Netmind\MI1456-ApacheServiceMix\apache-servicemix-7.0.1\mine-repo\javax\annotation\javax.annotation-api\1.3.2\javax.annotation-api-1.3.2.jar;D:\Shared\MyFiles\Netmind\MI1456-ApacheServiceMix\apache-servicemix-7.0.1\mine-repo\org\yaml\snakeyaml\1.23\snakeyaml-1.23.jar;D:\Shared\MyFiles\Netmind\MI1456-ApacheServiceMix\apache-servicemix-7.0.1\mine-repo\org\springframework\boot\spring-boot-starter-json\2.1.1.RELEASE\spring-boot-starter-json-2.1.1.RELEASE.jar;D:\Shared\MyFiles\Netmind\MI1456-ApacheServiceMix\apache-servicemix-7.0.1\mine-repo\com\fasterxml\jackson\core\jackson-databind\2.9.7\jackson-databind-2.9.7.jar;D:\Shared\MyFiles\Netmind\MI1456-ApacheServiceMix\apache-servicemix-7.0.1\mine-repo\com\fasterxml\jackson\core\jackson-annotations\2.9.0\jackson-annotations-2.9.0.jar;D:\Shared\MyFiles\Netmind\MI1456-ApacheServiceMix\apache-servicemix-7.0.1\mine-repo\com\fasterxml\jackson\core\jackson-core\2.9.7\jackson-core-2.9.7.jar;D:\Shared\MyFiles\Netmind\MI1456-ApacheServiceMix\apache-servicemix-7.0.1\mine-repo\com\fasterxml\jackson\datatype\jackson-datatype-jdk8\2.9.7\jackson-datatype-jdk8-2.9.7.jar;D:\Shared\MyFiles\Netmind\MI1456-ApacheServiceMix\apache-servicemix-7.0.1\mine-repo\com\fasterxml\jackson\datatype\jackson-datatype-jsr310\2.9.7\jackson-datatype-jsr310-2.9.7.jar;D:\Shared\MyFiles\Netmind\MI1456-ApacheServiceMix\apache-servicemix-7.0.1\mine-repo\com\fasterxml\jackson\module\jackson-module-parameter-names\2.9.7\jackson-module-parameter-names-2.9.7.jar;D:\Shared\MyFiles\Netmind\MI1456-ApacheServiceMix\apache-servicemix-7.0.1\mine-repo\org\springframework\boot\spring-boot-starter-reactor-netty\2.1.1.RELEASE\spring-boot-starter-reactor-netty-2.1.1.RELEASE.jar;D:\Shared\MyFiles\Netmind\MI1456-ApacheServiceMix\apache-servicemix-7.0.1\mine-repo\io\projectreactor\netty\reactor-netty\0.8.3.RELEASE\reactor-netty-0.8.3.RELEASE.jar;D:\Shared\MyFiles\Netmind\MI1456-ApacheServiceMix\apache-servicemix-7.0.1\mine-repo\io\netty\netty-codec-http\4.1.31.Final\netty-codec-http-4.1.31.Final.jar;D:\Shared\MyFiles\Netmind\MI1456-ApacheServiceMix\apache-servicemix-7.0.1\mine-repo\io\netty\netty-codec\4.1.31.Final\netty-codec-4.1.31.Final.jar;D:\Shared\MyFiles\Netmind\MI1456-ApacheServiceMix\apache-servicemix-7.0.1\mine-repo\io\netty\netty-codec-http2\4.1.31.Final\netty-codec-http2-4.1.31.Final.jar;D:\Shared\MyFiles\Netmind\MI1456-ApacheServiceMix\apache-servicemix-7.0.1\mine-repo\io\netty\netty-handler\4.1.31.Final\netty-handler-4.1.31.Final.jar;D:\Shared\MyFiles\Netmind\MI1456-ApacheServiceMix\apache-servicemix-7.0.1\mine-repo\io\netty\netty-buffer\4.1.31.Final\netty-buffer-4.1.31.Final.jar;D:\Shared\MyFiles\Netmind\MI1456-ApacheServiceMix\apache-servicemix-7.0.1\mine-repo\io\netty\netty-transport\4.1.31.Final\netty-transport-4.1.31.Final.jar;D:\Shared\MyFiles\Netmind\MI1456-ApacheServiceMix\apache-servicemix-7.0.1\mine-repo\io\netty\netty-resolver\4.1.31.Final\netty-resolver-4.1.31.Final.jar;D:\Shared\MyFiles\Netmind\MI1456-ApacheServiceMix\apache-servicemix-7.0.1\mine-repo\io\netty\netty-handler-proxy\4.1.31.Final\netty-handler-proxy-4.1.31.Final.jar;D:\Shared\MyFiles\Netmind\MI1456-ApacheServiceMix\apache-servicemix-7.0.1\mine-repo\io\netty\netty-codec-socks\4.1.31.Final\netty-codec-socks-4.1.31.Final.jar;D:\Shared\MyFiles\Netmind\MI1456-ApacheServiceMix\apache-servicemix-7.0.1\mine-repo\io\netty\netty-transport-native-epoll\4.1.31.Final\netty-transport-native-epoll-4.1.31.Final-linux-x86_64.jar;D:\Shared\MyFiles\Netmind\MI1456-ApacheServiceMix\apache-servicemix-7.0.1\mine-repo\io\netty\netty-common\4.1.31.Final\netty-common-4.1.31.Final.jar;D:\Shared\MyFiles\Netmind\MI1456-ApacheServiceMix\apache-servicemix-7.0.1\mine-repo\io\netty\netty-transport-native-unix-common\4.1.31.Final\netty-transport-native-unix-common-4.1.31.Final.jar;D:\Shared\MyFiles\Netmind\MI1456-ApacheServiceMix\apache-servicemix-7.0.1\mine-repo\org\hibernate\validator\hibernate-validator\6.0.13.Final\hibernate-validator-6.0.13.Final.jar;D:\Shared\MyFiles\Netmind\MI1456-ApacheServiceMix\apache-servicemix-7.0.1\mine-repo\javax\validation\validation-api\2.0.1.Final\validation-api-2.0.1.Final.jar;D:\Shared\MyFiles\Netmind\MI1456-ApacheServiceMix\apache-servicemix-7.0.1\mine-repo\org\jboss\logging\jboss-logging\3.3.2.Final\jboss-logging-3.3.2.Final.jar;D:\Shared\MyFiles\Netmind\MI1456-ApacheServiceMix\apache-servicemix-7.0.1\mine-repo\com\fasterxml\classmate\1.4.0\classmate-1.4.0.jar;D:\Shared\MyFiles\Netmind\MI1456-ApacheServiceMix\apache-servicemix-7.0.1\mine-repo\org\springframework\spring-web\5.1.3.RELEASE\spring-web-5.1.3.RELEASE.jar;D:\Shared\MyFiles\Netmind\MI1456-ApacheServiceMix\apache-servicemix-7.0.1\mine-repo\org\springframework\spring-beans\5.1.3.RELEASE\spring-beans-5.1.3.RELEASE.jar;D:\Shared\MyFiles\Netmind\MI1456-ApacheServiceMix\apache-servicemix-7.0.1\mine-repo\org\springframework\spring-webflux\5.1.3.RELEASE\spring-webflux-5.1.3.RELEASE.jar;D:\Shared\MyFiles\Netmind\MI1456-ApacheServiceMix\apache-servicemix-7.0.1\mine-repo\org\synchronoss\cloud\nio-multipart-parser\1.1.0\nio-multipart-parser-1.1.0.jar;D:\Shared\MyFiles\Netmind\MI1456-ApacheServiceMix\apache-servicemix-7.0.1\mine-repo\org\slf4j\slf4j-api\1.7.25\slf4j-api-1.7.25.jar;D:\Shared\MyFiles\Netmind\MI1456-ApacheServiceMix\apache-servicemix-7.0.1\mine-repo\org\synchronoss\cloud\nio-stream-storage\1.1.3\nio-stream-storage-1.1.3.jar;D:\Shared\MyFiles\Netmind\MI1456-ApacheServiceMix\apache-servicemix-7.0.1\mine-repo\org\springframework\boot\spring-boot-starter-data-mongodb-reactive\2.1.1.RELEASE\spring-boot-starter-data-mongodb-reactive-2.1.1.RELEASE.jar;D:\Shared\MyFiles\Netmind\MI1456-ApacheServiceMix\apache-servicemix-7.0.1\mine-repo\org\springframework\data\spring-data-mongodb\2.1.3.RELEASE\spring-data-mongodb-2.1.3.RELEASE.jar;D:\Shared\MyFiles\Netmind\MI1456-ApacheServiceMix\apache-servicemix-7.0.1\mine-repo\org\springframework\spring-tx\5.1.3.RELEASE\spring-tx-5.1.3.RELEASE.jar;D:\Shared\MyFiles\Netmind\MI1456-ApacheServiceMix\apache-servicemix-7.0.1\mine-repo\org\springframework\spring-context\5.1.3.RELEASE\spring-context-5.1.3.RELEASE.jar;D:\Shared\MyFiles\Netmind\MI1456-ApacheServiceMix\apache-servicemix-7.0.1\mine-repo\org\springframework\spring-aop\5.1.3.RELEASE\spring-aop-5.1.3.RELEASE.jar;D:\Shared\MyFiles\Netmind\MI1456-ApacheServiceMix\apache-servicemix-7.0.1\mine-repo\org\springframework\spring-expression\5.1.3.RELEASE\spring-expression-5.1.3.RELEASE.jar;D:\Shared\MyFiles\Netmind\MI1456-ApacheServiceMix\apache-servicemix-7.0.1\mine-repo\org\springframework\data\spring-data-commons\2.1.3.RELEASE\spring-data-commons-2.1.3.RELEASE.jar;D:\Shared\MyFiles\Netmind\MI1456-ApacheServiceMix\apache-servicemix-7.0.1\mine-repo\org\mongodb\mongodb-driver\3.8.2\mongodb-driver-3.8.2.jar;D:\Shared\MyFiles\Netmind\MI1456-ApacheServiceMix\apache-servicemix-7.0.1\mine-repo\org\mongodb\bson\3.8.2\bson-3.8.2.jar;D:\Shared\MyFiles\Netmind\MI1456-ApacheServiceMix\apache-servicemix-7.0.1\mine-repo\org\mongodb\mongodb-driver-core\3.8.2\mongodb-driver-core-3.8.2.jar;D:\Shared\MyFiles\Netmind\MI1456-ApacheServiceMix\apache-servicemix-7.0.1\mine-repo\org\mongodb\mongodb-driver-async\3.8.2\mongodb-driver-async-3.8.2.jar;D:\Shared\MyFiles\Netmind\MI1456-ApacheServiceMix\apache-servicemix-7.0.1\mine-repo\org\mongodb\mongodb-driver-reactivestreams\1.9.2\mongodb-driver-reactivestreams-1.9.2.jar;D:\Shared\MyFiles\Netmind\MI1456-ApacheServiceMix\apache-servicemix-7.0.1\mine-repo\org\reactivestreams\reactive-streams\1.0.2\reactive-streams-1.0.2.jar;D:\Shared\MyFiles\Netmind\MI1456-ApacheServiceMix\apache-servicemix-7.0.1\mine-repo\io\projectreactor\reactor-core\3.2.3.RELEASE\reactor-core-3.2.3.RELEASE.jar;D:\Shared\MyFiles\Netmind\MI1456-ApacheServiceMix\apache-servicemix-7.0.1\mine-repo\org\springframework\boot\spring-boot-starter-test\2.1.1.RELEASE\spring-boot-starter-test-2.1.1.RELEASE.jar;D:\Shared\MyFiles\Netmind\MI1456-ApacheServiceMix\apache-servicemix-7.0.1\mine-repo\org\springframework\boot\spring-boot-test\2.1.1.RELEASE\spring-boot-test-2.1.1.RELEASE.jar;D:\Shared\MyFiles\Netmind\MI1456-ApacheServiceMix\apache-servicemix-7.0.1\mine-repo\org\springframework\boot\spring-boot-test-autoconfigure\2.1.1.RELEASE\spring-boot-test-autoconfigure-2.1.1.RELEASE.jar;D:\Shared\MyFiles\Netmind\MI1456-ApacheServiceMix\apache-servicemix-7.0.1\mine-repo\com\jayway\jsonpath\json-path\2.4.0\json-path-2.4.0.jar;D:\Shared\MyFiles\Netmind\MI1456-ApacheServiceMix\apache-servicemix-7.0.1\mine-repo\net\minidev\json-smart\2.3\json-smart-2.3.jar;D:\Shared\MyFiles\Netmind\MI1456-ApacheServiceMix\apache-servicemix-7.0.1\mine-repo\net\minidev\accessors-smart\1.2\accessors-smart-1.2.jar;D:\Shared\MyFiles\Netmind\MI1456-ApacheServiceMix\apache-servicemix-7.0.1\mine-repo\org\ow2\asm\asm\5.0.4\asm-5.0.4.jar;D:\Shared\MyFiles\Netmind\MI1456-ApacheServiceMix\apache-servicemix-7.0.1\mine-repo\junit\junit\4.12\junit-4.12.jar;D:\Shared\MyFiles\Netmind\MI1456-ApacheServiceMix\apache-servicemix-7.0.1\mine-repo\org\assertj\assertj-core\3.11.1\assertj-core-3.11.1.jar;D:\Shared\MyFiles\Netmind\MI1456-ApacheServiceMix\apache-servicemix-7.0.1\mine-repo\org\mockito\mockito-core\2.23.4\mockito-core-2.23.4.jar;D:\Shared\MyFiles\Netmind\MI1456-ApacheServiceMix\apache-servicemix-7.0.1\mine-repo\net\bytebuddy\byte-buddy\1.9.5\byte-buddy-1.9.5.jar;D:\Shared\MyFiles\Netmind\MI1456-ApacheServiceMix\apache-servicemix-7.0.1\mine-repo\net\bytebuddy\byte-buddy-agent\1.9.5\byte-buddy-agent-1.9.5.jar;D:\Shared\MyFiles\Netmind\MI1456-ApacheServiceMix\apache-servicemix-7.0.1\mine-repo\org\objenesis\objenesis\2.6\objenesis-2.6.jar;D:\Shared\MyFiles\Netmind\MI1456-ApacheServiceMix\apache-servicemix-7.0.1\mine-repo\org\hamcrest\hamcrest-core\1.3\hamcrest-core-1.3.jar;D:\Shared\MyFiles\Netmind\MI1456-ApacheServiceMix\apache-servicemix-7.0.1\mine-repo\org\hamcrest\hamcrest-library\1.3\hamcrest-library-1.3.jar;D:\Shared\MyFiles\Netmind\MI1456-ApacheServiceMix\apache-servicemix-7.0.1\mine-repo\org\skyscreamer\jsonassert\1.5.0\jsonassert-1.5.0.jar;D:\Shared\MyFiles\Netmind\MI1456-ApacheServiceMix\apache-servicemix-7.0.1\mine-repo\com\vaadin\external\google\android-json\0.0.20131108.vaadin1\android-json-0.0.20131108.vaadin1.jar;D:\Shared\MyFiles\Netmind\MI1456-ApacheServiceMix\apache-servicemix-7.0.1\mine-repo\org\springframework\spring-core\5.1.3.RELEASE\spring-core-5.1.3.RELEASE.jar;D:\Shared\MyFiles\Netmind\MI1456-ApacheServiceMix\apache-servicemix-7.0.1\mine-repo\org\springframework\spring-jcl\5.1.3.RELEASE\spring-jcl-5.1.3.RELEASE.jar;D:\Shared\MyFiles\Netmind\MI1456-ApacheServiceMix\apache-servicemix-7.0.1\mine-repo\org\springframework\spring-test\5.1.3.RELEASE\spring-test-5.1.3.RELEASE.jar;D:\Shared\MyFiles\Netmind\MI1456-ApacheServiceMix\apache-servicemix-7.0.1\mine-repo\org\xmlunit\xmlunit-core\2.6.2\xmlunit-core-2.6.2.jar;D:\Shared\MyFiles\Netmind\MI1456-ApacheServiceMix\apache-servicemix-7.0.1\mine-repo\io\projectreactor\reactor-test\3.2.3.RELEASE\reactor-test-3.2.3.RELEASE.jar;D:\Shared\MyFiles\Netmind\MI1456-ApacheServiceMix\apache-servicemix-7.0.1\mine-repo\javax\xml\bind\jaxb-api\2.3.0\jaxb-api-2.3.0.jar;D:\Shared\MyFiles\Netmind\MI1456-ApacheServiceMix\apache-servicemix-7.0.1\mine-repo\javax\servlet\javax.servlet-api\3.1.0\javax.servlet-api-3.1.0.jar;"/>
    <property name="java.vm.vendor" value="Oracle Corporation"/>
    <property name="sun.arch.data.model" value="64"/>
    <property name="user.variant" value=""/>
    <property name="java.vendor.url" value="http://java.oracle.com/"/>
    <property name="user.timezone" value="Europe/Paris"/>
    <property name="java.vm.specification.version" value="1.8"/>
    <property name="os.name" value="Windows 10"/>
    <property name="user.country" value="ES"/>
    <property name="sun.java.launcher" value="SUN_STANDARD"/>
    <property name="sun.boot.library.path" value="D:\Program Files\Java\jdk1.8.0_211\jre\bin"/>
    <property name="sun.java.command" value="C:\Users\ricardo\AppData\Local\Temp\surefire1910407049846376900\surefirebooter1492883423261553030.jar C:\Users\ricardo\AppData\Local\Temp\surefire1910407049846376900 2019-10-02T20-38-36_921-jvmRun1 surefire2419269409865335955tmp surefire_0287054228089561955tmp"/>
    <property name="surefire.test.class.path" value="D:\Shared\MyFiles\BIT\Spring5\examples\spring-webflux-demo\target\test-classes;D:\Shared\MyFiles\BIT\Spring5\examples\spring-webflux-demo\target\classes;D:\Shared\MyFiles\Netmind\MI1456-ApacheServiceMix\apache-servicemix-7.0.1\mine-repo\org\springframework\boot\spring-boot-starter-webflux\2.1.1.RELEASE\spring-boot-starter-webflux-2.1.1.RELEASE.jar;D:\Shared\MyFiles\Netmind\MI1456-ApacheServiceMix\apache-servicemix-7.0.1\mine-repo\org\springframework\boot\spring-boot-starter\2.1.1.RELEASE\spring-boot-starter-2.1.1.RELEASE.jar;D:\Shared\MyFiles\Netmind\MI1456-ApacheServiceMix\apache-servicemix-7.0.1\mine-repo\org\springframework\boot\spring-boot\2.1.1.RELEASE\spring-boot-2.1.1.RELEASE.jar;D:\Shared\MyFiles\Netmind\MI1456-ApacheServiceMix\apache-servicemix-7.0.1\mine-repo\org\springframework\boot\spring-boot-autoconfigure\2.1.1.RELEASE\spring-boot-autoconfigure-2.1.1.RELEASE.jar;D:\Shared\MyFiles\Netmind\MI1456-ApacheServiceMix\apache-servicemix-7.0.1\mine-repo\org\springframework\boot\spring-boot-starter-logging\2.1.1.RELEASE\spring-boot-starter-logging-2.1.1.RELEASE.jar;D:\Shared\MyFiles\Netmind\MI1456-ApacheServiceMix\apache-servicemix-7.0.1\mine-repo\ch\qos\logback\logback-classic\1.2.3\logback-classic-1.2.3.jar;D:\Shared\MyFiles\Netmind\MI1456-ApacheServiceMix\apache-servicemix-7.0.1\mine-repo\ch\qos\logback\logback-core\1.2.3\logback-core-1.2.3.jar;D:\Shared\MyFiles\Netmind\MI1456-ApacheServiceMix\apache-servicemix-7.0.1\mine-repo\org\apache\logging\log4j\log4j-to-slf4j\2.11.1\log4j-to-slf4j-2.11.1.jar;D:\Shared\MyFiles\Netmind\MI1456-ApacheServiceMix\apache-servicemix-7.0.1\mine-repo\org\apache\logging\log4j\log4j-api\2.11.1\log4j-api-2.11.1.jar;D:\Shared\MyFiles\Netmind\MI1456-ApacheServiceMix\apache-servicemix-7.0.1\mine-repo\org\slf4j\jul-to-slf4j\1.7.25\jul-to-slf4j-1.7.25.jar;D:\Shared\MyFiles\Netmind\MI1456-ApacheServiceMix\apache-servicemix-7.0.1\mine-repo\javax\annotation\javax.annotation-api\1.3.2\javax.annotation-api-1.3.2.jar;D:\Shared\MyFiles\Netmind\MI1456-ApacheServiceMix\apache-servicemix-7.0.1\mine-repo\org\yaml\snakeyaml\1.23\snakeyaml-1.23.jar;D:\Shared\MyFiles\Netmind\MI1456-ApacheServiceMix\apache-servicemix-7.0.1\mine-repo\org\springframework\boot\spring-boot-starter-json\2.1.1.RELEASE\spring-boot-starter-json-2.1.1.RELEASE.jar;D:\Shared\MyFiles\Netmind\MI1456-ApacheServiceMix\apache-servicemix-7.0.1\mine-repo\com\fasterxml\jackson\core\jackson-databind\2.9.7\jackson-databind-2.9.7.jar;D:\Shared\MyFiles\Netmind\MI1456-ApacheServiceMix\apache-servicemix-7.0.1\mine-repo\com\fasterxml\jackson\core\jackson-annotations\2.9.0\jackson-annotations-2.9.0.jar;D:\Shared\MyFiles\Netmind\MI1456-ApacheServiceMix\apache-servicemix-7.0.1\mine-repo\com\fasterxml\jackson\core\jackson-core\2.9.7\jackson-core-2.9.7.jar;D:\Shared\MyFiles\Netmind\MI1456-ApacheServiceMix\apache-servicemix-7.0.1\mine-repo\com\fasterxml\jackson\datatype\jackson-datatype-jdk8\2.9.7\jackson-datatype-jdk8-2.9.7.jar;D:\Shared\MyFiles\Netmind\MI1456-ApacheServiceMix\apache-servicemix-7.0.1\mine-repo\com\fasterxml\jackson\datatype\jackson-datatype-jsr310\2.9.7\jackson-datatype-jsr310-2.9.7.jar;D:\Shared\MyFiles\Netmind\MI1456-ApacheServiceMix\apache-servicemix-7.0.1\mine-repo\com\fasterxml\jackson\module\jackson-module-parameter-names\2.9.7\jackson-module-parameter-names-2.9.7.jar;D:\Shared\MyFiles\Netmind\MI1456-ApacheServiceMix\apache-servicemix-7.0.1\mine-repo\org\springframework\boot\spring-boot-starter-reactor-netty\2.1.1.RELEASE\spring-boot-starter-reactor-netty-2.1.1.RELEASE.jar;D:\Shared\MyFiles\Netmind\MI1456-ApacheServiceMix\apache-servicemix-7.0.1\mine-repo\io\projectreactor\netty\reactor-netty\0.8.3.RELEASE\reactor-netty-0.8.3.RELEASE.jar;D:\Shared\MyFiles\Netmind\MI1456-ApacheServiceMix\apache-servicemix-7.0.1\mine-repo\io\netty\netty-codec-http\4.1.31.Final\netty-codec-http-4.1.31.Final.jar;D:\Shared\MyFiles\Netmind\MI1456-ApacheServiceMix\apache-servicemix-7.0.1\mine-repo\io\netty\netty-codec\4.1.31.Final\netty-codec-4.1.31.Final.jar;D:\Shared\MyFiles\Netmind\MI1456-ApacheServiceMix\apache-servicemix-7.0.1\mine-repo\io\netty\netty-codec-http2\4.1.31.Final\netty-codec-http2-4.1.31.Final.jar;D:\Shared\MyFiles\Netmind\MI1456-ApacheServiceMix\apache-servicemix-7.0.1\mine-repo\io\netty\netty-handler\4.1.31.Final\netty-handler-4.1.31.Final.jar;D:\Shared\MyFiles\Netmind\MI1456-ApacheServiceMix\apache-servicemix-7.0.1\mine-repo\io\netty\netty-buffer\4.1.31.Final\netty-buffer-4.1.31.Final.jar;D:\Shared\MyFiles\Netmind\MI1456-ApacheServiceMix\apache-servicemix-7.0.1\mine-repo\io\netty\netty-transport\4.1.31.Final\netty-transport-4.1.31.Final.jar;D:\Shared\MyFiles\Netmind\MI1456-ApacheServiceMix\apache-servicemix-7.0.1\mine-repo\io\netty\netty-resolver\4.1.31.Final\netty-resolver-4.1.31.Final.jar;D:\Shared\MyFiles\Netmind\MI1456-ApacheServiceMix\apache-servicemix-7.0.1\mine-repo\io\netty\netty-handler-proxy\4.1.31.Final\netty-handler-proxy-4.1.31.Final.jar;D:\Shared\MyFiles\Netmind\MI1456-ApacheServiceMix\apache-servicemix-7.0.1\mine-repo\io\netty\netty-codec-socks\4.1.31.Final\netty-codec-socks-4.1.31.Final.jar;D:\Shared\MyFiles\Netmind\MI1456-ApacheServiceMix\apache-servicemix-7.0.1\mine-repo\io\netty\netty-transport-native-epoll\4.1.31.Final\netty-transport-native-epoll-4.1.31.Final-linux-x86_64.jar;D:\Shared\MyFiles\Netmind\MI1456-ApacheServiceMix\apache-servicemix-7.0.1\mine-repo\io\netty\netty-common\4.1.31.Final\netty-common-4.1.31.Final.jar;D:\Shared\MyFiles\Netmind\MI1456-ApacheServiceMix\apache-servicemix-7.0.1\mine-repo\io\netty\netty-transport-native-unix-common\4.1.31.Final\netty-transport-native-unix-common-4.1.31.Final.jar;D:\Shared\MyFiles\Netmind\MI1456-ApacheServiceMix\apache-servicemix-7.0.1\mine-repo\org\hibernate\validator\hibernate-validator\6.0.13.Final\hibernate-validator-6.0.13.Final.jar;D:\Shared\MyFiles\Netmind\MI1456-ApacheServiceMix\apache-servicemix-7.0.1\mine-repo\javax\validation\validation-api\2.0.1.Final\validation-api-2.0.1.Final.jar;D:\Shared\MyFiles\Netmind\MI1456-ApacheServiceMix\apache-servicemix-7.0.1\mine-repo\org\jboss\logging\jboss-logging\3.3.2.Final\jboss-logging-3.3.2.Final.jar;D:\Shared\MyFiles\Netmind\MI1456-ApacheServiceMix\apache-servicemix-7.0.1\mine-repo\com\fasterxml\classmate\1.4.0\classmate-1.4.0.jar;D:\Shared\MyFiles\Netmind\MI1456-ApacheServiceMix\apache-servicemix-7.0.1\mine-repo\org\springframework\spring-web\5.1.3.RELEASE\spring-web-5.1.3.RELEASE.jar;D:\Shared\MyFiles\Netmind\MI1456-ApacheServiceMix\apache-servicemix-7.0.1\mine-repo\org\springframework\spring-beans\5.1.3.RELEASE\spring-beans-5.1.3.RELEASE.jar;D:\Shared\MyFiles\Netmind\MI1456-ApacheServiceMix\apache-servicemix-7.0.1\mine-repo\org\springframework\spring-webflux\5.1.3.RELEASE\spring-webflux-5.1.3.RELEASE.jar;D:\Shared\MyFiles\Netmind\MI1456-ApacheServiceMix\apache-servicemix-7.0.1\mine-repo\org\synchronoss\cloud\nio-multipart-parser\1.1.0\nio-multipart-parser-1.1.0.jar;D:\Shared\MyFiles\Netmind\MI1456-ApacheServiceMix\apache-servicemix-7.0.1\mine-repo\org\slf4j\slf4j-api\1.7.25\slf4j-api-1.7.25.jar;D:\Shared\MyFiles\Netmind\MI1456-ApacheServiceMix\apache-servicemix-7.0.1\mine-repo\org\synchronoss\cloud\nio-stream-storage\1.1.3\nio-stream-storage-1.1.3.jar;D:\Shared\MyFiles\Netmind\MI1456-ApacheServiceMix\apache-servicemix-7.0.1\mine-repo\org\springframework\boot\spring-boot-starter-data-mongodb-reactive\2.1.1.RELEASE\spring-boot-starter-data-mongodb-reactive-2.1.1.RELEASE.jar;D:\Shared\MyFiles\Netmind\MI1456-ApacheServiceMix\apache-servicemix-7.0.1\mine-repo\org\springframework\data\spring-data-mongodb\2.1.3.RELEASE\spring-data-mongodb-2.1.3.RELEASE.jar;D:\Shared\MyFiles\Netmind\MI1456-ApacheServiceMix\apache-servicemix-7.0.1\mine-repo\org\springframework\spring-tx\5.1.3.RELEASE\spring-tx-5.1.3.RELEASE.jar;D:\Shared\MyFiles\Netmind\MI1456-ApacheServiceMix\apache-servicemix-7.0.1\mine-repo\org\springframework\spring-context\5.1.3.RELEASE\spring-context-5.1.3.RELEASE.jar;D:\Shared\MyFiles\Netmind\MI1456-ApacheServiceMix\apache-servicemix-7.0.1\mine-repo\org\springframework\spring-aop\5.1.3.RELEASE\spring-aop-5.1.3.RELEASE.jar;D:\Shared\MyFiles\Netmind\MI1456-ApacheServiceMix\apache-servicemix-7.0.1\mine-repo\org\springframework\spring-expression\5.1.3.RELEASE\spring-expression-5.1.3.RELEASE.jar;D:\Shared\MyFiles\Netmind\MI1456-ApacheServiceMix\apache-servicemix-7.0.1\mine-repo\org\springframework\data\spring-data-commons\2.1.3.RELEASE\spring-data-commons-2.1.3.RELEASE.jar;D:\Shared\MyFiles\Netmind\MI1456-ApacheServiceMix\apache-servicemix-7.0.1\mine-repo\org\mongodb\mongodb-driver\3.8.2\mongodb-driver-3.8.2.jar;D:\Shared\MyFiles\Netmind\MI1456-ApacheServiceMix\apache-servicemix-7.0.1\mine-repo\org\mongodb\bson\3.8.2\bson-3.8.2.jar;D:\Shared\MyFiles\Netmind\MI1456-ApacheServiceMix\apache-servicemix-7.0.1\mine-repo\org\mongodb\mongodb-driver-core\3.8.2\mongodb-driver-core-3.8.2.jar;D:\Shared\MyFiles\Netmind\MI1456-ApacheServiceMix\apache-servicemix-7.0.1\mine-repo\org\mongodb\mongodb-driver-async\3.8.2\mongodb-driver-async-3.8.2.jar;D:\Shared\MyFiles\Netmind\MI1456-ApacheServiceMix\apache-servicemix-7.0.1\mine-repo\org\mongodb\mongodb-driver-reactivestreams\1.9.2\mongodb-driver-reactivestreams-1.9.2.jar;D:\Shared\MyFiles\Netmind\MI1456-ApacheServiceMix\apache-servicemix-7.0.1\mine-repo\org\reactivestreams\reactive-streams\1.0.2\reactive-streams-1.0.2.jar;D:\Shared\MyFiles\Netmind\MI1456-ApacheServiceMix\apache-servicemix-7.0.1\mine-repo\io\projectreactor\reactor-core\3.2.3.RELEASE\reactor-core-3.2.3.RELEASE.jar;D:\Shared\MyFiles\Netmind\MI1456-ApacheServiceMix\apache-servicemix-7.0.1\mine-repo\org\springframework\boot\spring-boot-starter-test\2.1.1.RELEASE\spring-boot-starter-test-2.1.1.RELEASE.jar;D:\Shared\MyFiles\Netmind\MI1456-ApacheServiceMix\apache-servicemix-7.0.1\mine-repo\org\springframework\boot\spring-boot-test\2.1.1.RELEASE\spring-boot-test-2.1.1.RELEASE.jar;D:\Shared\MyFiles\Netmind\MI1456-ApacheServiceMix\apache-servicemix-7.0.1\mine-repo\org\springframework\boot\spring-boot-test-autoconfigure\2.1.1.RELEASE\spring-boot-test-autoconfigure-2.1.1.RELEASE.jar;D:\Shared\MyFiles\Netmind\MI1456-ApacheServiceMix\apache-servicemix-7.0.1\mine-repo\com\jayway\jsonpath\json-path\2.4.0\json-path-2.4.0.jar;D:\Shared\MyFiles\Netmind\MI1456-ApacheServiceMix\apache-servicemix-7.0.1\mine-repo\net\minidev\json-smart\2.3\json-smart-2.3.jar;D:\Shared\MyFiles\Netmind\MI1456-ApacheServiceMix\apache-servicemix-7.0.1\mine-repo\net\minidev\accessors-smart\1.2\accessors-smart-1.2.jar;D:\Shared\MyFiles\Netmind\MI1456-ApacheServiceMix\apache-servicemix-7.0.1\mine-repo\org\ow2\asm\asm\5.0.4\asm-5.0.4.jar;D:\Shared\MyFiles\Netmind\MI1456-ApacheServiceMix\apache-servicemix-7.0.1\mine-repo\junit\junit\4.12\junit-4.12.jar;D:\Shared\MyFiles\Netmind\MI1456-ApacheServiceMix\apache-servicemix-7.0.1\mine-repo\org\assertj\assertj-core\3.11.1\assertj-core-3.11.1.jar;D:\Shared\MyFiles\Netmind\MI1456-ApacheServiceMix\apache-servicemix-7.0.1\mine-repo\org\mockito\mockito-core\2.23.4\mockito-core-2.23.4.jar;D:\Shared\MyFiles\Netmind\MI1456-ApacheServiceMix\apache-servicemix-7.0.1\mine-repo\net\bytebuddy\byte-buddy\1.9.5\byte-buddy-1.9.5.jar;D:\Shared\MyFiles\Netmind\MI1456-ApacheServiceMix\apache-servicemix-7.0.1\mine-repo\net\bytebuddy\byte-buddy-agent\1.9.5\byte-buddy-agent-1.9.5.jar;D:\Shared\MyFiles\Netmind\MI1456-ApacheServiceMix\apache-servicemix-7.0.1\mine-repo\org\objenesis\objenesis\2.6\objenesis-2.6.jar;D:\Shared\MyFiles\Netmind\MI1456-ApacheServiceMix\apache-servicemix-7.0.1\mine-repo\org\hamcrest\hamcrest-core\1.3\hamcrest-core-1.3.jar;D:\Shared\MyFiles\Netmind\MI1456-ApacheServiceMix\apache-servicemix-7.0.1\mine-repo\org\hamcrest\hamcrest-library\1.3\hamcrest-library-1.3.jar;D:\Shared\MyFiles\Netmind\MI1456-ApacheServiceMix\apache-servicemix-7.0.1\mine-repo\org\skyscreamer\jsonassert\1.5.0\jsonassert-1.5.0.jar;D:\Shared\MyFiles\Netmind\MI1456-ApacheServiceMix\apache-servicemix-7.0.1\mine-repo\com\vaadin\external\google\android-json\0.0.20131108.vaadin1\android-json-0.0.20131108.vaadin1.jar;D:\Shared\MyFiles\Netmind\MI1456-ApacheServiceMix\apache-servicemix-7.0.1\mine-repo\org\springframework\spring-core\5.1.3.RELEASE\spring-core-5.1.3.RELEASE.jar;D:\Shared\MyFiles\Netmind\MI1456-ApacheServiceMix\apache-servicemix-7.0.1\mine-repo\org\springframework\spring-jcl\5.1.3.RELEASE\spring-jcl-5.1.3.RELEASE.jar;D:\Shared\MyFiles\Netmind\MI1456-ApacheServiceMix\apache-servicemix-7.0.1\mine-repo\org\springframework\spring-test\5.1.3.RELEASE\spring-test-5.1.3.RELEASE.jar;D:\Shared\MyFiles\Netmind\MI1456-ApacheServiceMix\apache-servicemix-7.0.1\mine-repo\org\xmlunit\xmlunit-core\2.6.2\xmlunit-core-2.6.2.jar;D:\Shared\MyFiles\Netmind\MI1456-ApacheServiceMix\apache-servicemix-7.0.1\mine-repo\io\projectreactor\reactor-test\3.2.3.RELEASE\reactor-test-3.2.3.RELEASE.jar;D:\Shared\MyFiles\Netmind\MI1456-ApacheServiceMix\apache-servicemix-7.0.1\mine-repo\javax\xml\bind\jaxb-api\2.3.0\jaxb-api-2.3.0.jar;D:\Shared\MyFiles\Netmind\MI1456-ApacheServiceMix\apache-servicemix-7.0.1\mine-repo\javax\servlet\javax.servlet-api\3.1.0\javax.servlet-api-3.1.0.jar;"/>
    <property name="sun.cpu.endian" value="little"/>
    <property name="user.home" value="C:\Users\ricardo"/>
    <property name="user.language" value="es"/>
    <property name="java.specification.vendor" value="Oracle Corporation"/>
    <property name="java.home" value="D:\Program Files\Java\jdk1.8.0_211\jre"/>
    <property name="basedir" value="D:\Shared\MyFiles\BIT\Spring5\examples\spring-webflux-demo"/>
    <property name="file.separator" value="\"/>
    <property name="line.separator" value="&#10;"/>
    <property name="java.vm.specification.vendor" value="Oracle Corporation"/>
    <property name="java.specification.name" value="Java Platform API Specification"/>
    <property name="java.awt.graphicsenv" value="sun.awt.Win32GraphicsEnvironment"/>
    <property name="surefire.real.class.path" value="C:\Users\ricardo\AppData\Local\Temp\surefire1910407049846376900\surefirebooter1492883423261553030.jar"/>
    <property name="sun.boot.class.path" value="D:\Program Files\Java\jdk1.8.0_211\jre\lib\resources.jar;D:\Program Files\Java\jdk1.8.0_211\jre\lib\rt.jar;D:\Program Files\Java\jdk1.8.0_211\jre\lib\sunrsasign.jar;D:\Program Files\Java\jdk1.8.0_211\jre\lib\jsse.jar;D:\Program Files\Java\jdk1.8.0_211\jre\lib\jce.jar;D:\Program Files\Java\jdk1.8.0_211\jre\lib\charsets.jar;D:\Program Files\Java\jdk1.8.0_211\jre\lib\jfr.jar;D:\Program Files\Java\jdk1.8.0_211\jre\classes"/>
    <property name="user.script" value=""/>
    <property name="sun.management.compiler" value="HotSpot 64-Bit Tiered Compilers"/>
    <property name="java.runtime.version" value="1.8.0_211-b12"/>
    <property name="user.name" value="ricardo"/>
    <property name="path.separator" value=";"/>
    <property name="os.version" value="10.0"/>
    <property name="java.endorsed.dirs" value="D:\Program Files\Java\jdk1.8.0_211\jre\lib\endorsed"/>
    <property name="java.runtime.name" value="Java(TM) SE Runtime Environment"/>
    <property name="file.encoding" value="Cp1252"/>
    <property name="java.vm.name" value="Java HotSpot(TM) 64-Bit Server VM"/>
    <property name="localRepository" value="D:\Shared\MyFiles\Netmind\MI1456-ApacheServiceMix\apache-servicemix-7.0.1\mine-repo"/>
    <property name="java.vendor.url.bug" value="http://bugreport.sun.com/bugreport/"/>
    <property name="java.io.tmpdir" value="C:\Users\ricardo\AppData\Local\Temp\"/>
    <property name="java.version" value="1.8.0_211"/>
    <property name="user.dir" value="D:\Shared\MyFiles\BIT\Spring5\examples\spring-webflux-demo"/>
    <property name="os.arch" value="amd64"/>
    <property name="java.vm.specification.name" value="Java Virtual Machine Specification"/>
    <property name="java.awt.printerjob" value="sun.awt.windows.WPrinterJob"/>
    <property name="sun.os.patch.level" value=""/>
    <property name="java.library.path" value="D:\Program Files\Java\jdk1.8.0_211\jre\bin;C:\WINDOWS\Sun\Java\bin;C:\WINDOWS\system32;C:\WINDOWS;D:\Program Files\cmder_mini\bin;D:\Program Files\cmder_mini\vendor\conemu-maximus5\ConEmu\Scripts;D:\Program Files\cmder_mini\vendor\conemu-maximus5;D:\Program Files\cmder_mini\vendor\conemu-maximus5\ConEmu;C:\Program Files (x86)\Common Files\Oracle\Java\javapath;C:\ProgramData\Oracle\Java\javapath;C:\WINDOWS\system32;C:\WINDOWS;C:\WINDOWS\System32\Wbem;C:\WINDOWS\System32\WindowsPowerShell\v1.0\;C:\Users\ricardo\AppData\Roaming\nvm;C:\Program Files\nodejs;C:\Program Files\Git\cmd;C:\Program Files\SlikSvn\bin;C:\ProgramData\chocolatey\bin;D:\Program Files\openshift-origin-client-tools-v3.7.2-282e43f-windows;C:\Program Files\PuTTY\;D:\Program Files\apache-maven-3.5.3\bin;D:\Shared\MyPrograms\Tail-4.2.12;C:\WINDOWS\System32\OpenSSH\;C:\Program Files (x86)\Yarn\bin\;C:\Program Files\Microsoft VS Code\bin;C:\Program Files (x86)\Graphviz2.38\bin;C:\Users\ricardo\AppData\Local\Microsoft\WindowsApps;C:\Users\ricardo\AppData\Roaming\npm;C:\Users\ricardo\AppData\Local\GitHubDesktop\bin;C:\Program Files\Heroku\bin;C:\Users\ricardo\AppData\Local\Programs\Python\Python36\;C:\Users\ricardo\AppData\Local\Programs\Python\Python36\Scripts;C:\Users\ricardo\AppData\Local\Yarn\bin;D:\Program Files\spring-2.1.1.RELEASE\;D:\Program Files\terraform;C:\Program Files\R\R-3.5.2\bin;C:\Program Files\nodejs\;C:\Program Files\dotnet\;C:\Program Files\Microsoft SQL Server\130\Tools\Binn\;C:\Program Files\Cloud Foundry;C:\WINDOWS\system32;C:\WINDOWS;C:\WINDOWS\System32\Wbem;C:\WINDOWS\System32\WindowsPowerShell\v1.0\;C:\WINDOWS\System32\OpenSSH\;C:\Users\ricardo\.dotnet\tools;D:\Program Files\nuget;D:\Program Files\gradle-5.6.1\bin;C:\Program Files (x86)\Microsoft Visual Studio\2017\BuildTools\MSBuild\15.0\Bin;C:\Users\ricardo\AppData\Local\Microsoft\WindowsApps;C:\Program Files\Microsoft VS Code\bin;C:\Users\ricardo\AppData\Roaming\nvm;C:\Program Files\nodejs;C:\Users\ricardo\AppData\Local\GitHubDesktop\bin;C:\Program Files\Heroku\bin;C:\Users\ricardo\AppData\Local\Microsoft\WindowsApps;C:\Users\ricardo\AppData\Local\Programs\Python\Python36\;C:\Users\ricardo\AppData\Local\Programs\Python\Python36\Scripts;C:\Users\ricardo\AppData\Local\Yarn\bin;D:\Program Files\spring-2.1.1.RELEASE\bin;D:\Shared\MyApps\android-sdk\platform-tools;D:\Shared\MyApps\kubernetes;C:\Users\ricardo\AppData\Roaming\npm;D:\Program Files\azcopy_windows_amd64_10.2.1;;C:\Program Files\Git\usr\bin;C:\Program Files\Git\usr\share\vim\vim74;D:\Program Files\cmder_mini\;."/>
    <property name="java.vm.info" value="mixed mode"/>
    <property name="java.vendor" value="Oracle Corporation"/>
    <property name="java.vm.version" value="25.211-b12"/>
    <property name="java.ext.dirs" value="D:\Program Files\Java\jdk1.8.0_211\jre\lib\ext;C:\WINDOWS\Sun\Java\lib\ext"/>
    <property name="sun.io.unicode.encoding" value="UnicodeLittle"/>
    <property name="java.class.version" value="52.0"/>
  </properties>
  <testcase name="testApp" classname="com.howtodoinjava.demo.AppTest" time="0.008"/>
</testsuite>